10-27 06:28:51 Kicad_action_plugins-master.save_restore_layout.action_save_restore_layout 160:Plugin executed on: 'win32'
10-27 06:28:51 Kicad_action_plugins-master.save_restore_layout.action_save_restore_layout 161:Plugin executed with python version: '2.7.18 (default, Apr 20 2020, 16:57:11)  [GCC 9.3.0 64 bit (AMD64)]'
10-27 06:28:51 Kicad_action_plugins-master.save_restore_layout.action_save_restore_layout 162:KiCad build version: (5.1.8)-1
10-27 06:28:51 Kicad_action_plugins-master.save_restore_layout.action_save_restore_layout 163:Save/Restore Layout plugin version: 51 started
10-27 06:28:52 Kicad_action_plugins-master.save_restore_layout.action_save_restore_layout 274:Restore layout chosen
10-27 06:28:55 Kicad_action_plugins-master.save_restore_layout.save_restore_layout 393:Getting board info
10-27 06:28:55 Kicad_action_plugins-master.save_restore_layout.save_restore_layout 395:Getting schematics info
10-27 06:28:55 Kicad_action_plugins-master.save_restore_layout.save_restore_layout 180:getting project hierarchy from schematics
10-27 06:28:55 Kicad_action_plugins-master.save_restore_layout.save_restore_layout 182:Project hierarchy looks like:
{u'6577909A': [u'MCU Node8', u'C:\\Sources\\cubesat-boards\\ykts-payload\\ykts-mcu-node8.sch'], u'657790A8': [u'MCU Node15', u'C:\\Sources\\cubesat-boards\\ykts-payload\\ykts-mcu-node15.sch'], u'65729588': [u'MCU Node4', u'C:\\Sources\\cubesat-boards\\ykts-payload\\ykts-mcu-node4.sch'], u'657790A2': [u'MCU Node12', u'C:\\Sources\\cubesat-boards\\ykts-payload\\ykts-mcu-node12.sch'], u'6577909E': [u'MCU Node10', u'C:\\Sources\\cubesat-boards\\ykts-payload\\ykts-mcu-node10.sch'], u'657790A6': [u'MCU Node14', u'C:\\Sources\\cubesat-boards\\ykts-payload\\ykts-mcu-node14.sch'], u'6568C69E': [u'MCU Node1', u'C:\\Sources\\cubesat-boards\\ykts-payload\\ykts-mcu-node1.sch'], u'6174477C': [u'Payload MCU', u'C:\\Sources\\cubesat-boards\\ykts-payload\\ykts-payload-mcu.sch'], u'6577909C': [u'MCU Node9', u'C:\\Sources\\cubesat-boards\\ykts-payload\\ykts-mcu-node9.sch'], u'657790A4': [u'MCU Node13', u'C:\\Sources\\cubesat-boards\\ykts-payload\\ykts-mcu-node13.sch'], u'637564E2': [u'MCU Node0', u'C:\\Sources\\cubesat-boards\\ykts-payload\\ykts-mcu-node0.sch'], u'657790A0': [u'MCU Node11', u'C:\\Sources\\cubesat-boards\\ykts-payload\\ykts-mcu-node11.sch'], u'6572958C': [u'MCU Node6', u'C:\\Sources\\cubesat-boards\\ykts-payload\\ykts-mcu-node6.sch'], u'6572958A': [u'MCU Node5', u'C:\\Sources\\cubesat-boards\\ykts-payload\\ykts-mcu-node5.sch'], u'656DAE2A': [u'MCU Node2', u'C:\\Sources\\cubesat-boards\\ykts-payload\\ykts-mcu-node2.sch'], u'656DAE2C': [u'MCU Node3', u'C:\\Sources\\cubesat-boards\\ykts-payload\\ykts-mcu-node3.sch'], u'6572958E': [u'MCU Node7', u'C:\\Sources\\cubesat-boards\\ykts-payload\\ykts-mcu-node7.sch']}
10-27 06:28:55 Kicad_action_plugins-master.save_restore_layout.save_restore_layout 397:Getting layout info
10-27 06:28:55 Kicad_action_plugins-master.save_restore_layout.save_restore_layout 256:getting a list of all footprints on board
10-27 06:28:55 Kicad_action_plugins-master.save_restore_layout.save_restore_layout 399:Updating layout info with schematics info
10-27 06:28:55 Kicad_action_plugins-master.save_restore_layout.save_restore_layout 739:Loading saved design
10-27 06:28:55 Kicad_action_plugins-master.save_restore_layout.save_restore_layout 746:Source level is:[u'ykts-payload-mcu.sch', u'ykts-mcu-node0.sch']
10-27 06:28:55 Kicad_action_plugins-master.save_restore_layout.save_restore_layout 753:Destination footprint is:u'U16'
10-27 06:28:55 Kicad_action_plugins-master.save_restore_layout.save_restore_layout 754:Destination levels available are:[u'ykts-payload-mcu.sch', u'ykts-mcu-node2.sch']
10-27 06:28:58 Kicad_action_plugins-master.save_restore_layout.action_save_restore_layout 311:Error when restoring layout
Traceback (most recent call last):
  File "C:\Users\Admin\AppData\Roaming\kicad\scripting\plugins/Kicad_action_plugins-master/save_restore_layout/action_save_restore_layout.py", line 304, in Run
    restore_layout.restore_layout(pivot_mod, layout_file)
  File "C:\Users\Admin\AppData\Roaming\kicad\scripting\plugins/Kicad_action_plugins-master/save_restore_layout/save_restore_layout.py", line 759, in restore_layout
    + "does not match source hierarchy: " + repr(source_level_filename))
LookupError: Destination hierarchy: [u'ykts-payload-mcu.sch', u'ykts-mcu-node2.sch']
does not match source hierarchy: [u'ykts-payload-mcu.sch', u'ykts-mcu-node0.sch']
